<?xml version="1.0" encoding="UTF-8"?>
<!-- Generated by org.testng.reporters.JUnitXMLReporter -->
<testsuite hostname="C1GF75IPTV" name="Test" tests="6" failures="1" timestamp="9 Jul 2021 12:01:16 GMT" time="6.468" errors="0">
  <testcase name="setConsentTVTA_OPTIN_BEP1423001" time="3.106" classname="Exposure.RestAssured.setConsentTest">
    <failure type="java.lang.NullPointerException">
      <![CDATA[java.lang.NullPointerException
	at Exposure.RestAssured.setConsentTest.setConsentTVTA_OPTIN_BEP1423001(setConsentTest.java:46)
... Removed 24 stack frames]]>
    </failure>
  </testcase> <!-- setConsentTVTA_OPTIN_BEP1423001 -->
  <testcase name="setConsentTVReco_OPTIN_BEP1423002" time="1.126" classname="Exposure.RestAssured.setConsentTest"/>
  <testcase name="setConsentTVTA_OPTOUT_BEP1423003" time="0.695" classname="Exposure.RestAssured.setConsentTest"/>
  <testcase name="setConsentTVReco_OPTOUT_BEP1423004" time="0.603" classname="Exposure.RestAssured.setConsentTest"/>
  <testcase name="setConsentwithInvalidConsentType_BEP1423005" time="0.53" classname="Exposure.RestAssured.setConsentTest"/>
  <testcase name="setConsentwithInvalidConsentValue_BEP1423006" time="0.394" classname="Exposure.RestAssured.setConsentTest"/>
</testsuite> <!-- Test -->
