<?xml version="1.0" encoding="UTF-8"?>
<!-- Generated by org.testng.reporters.JUnitXMLReporter -->
<testsuite hostname="C1GF75IPTV" name="Test" tests="47" failures="37" timestamp="30 Jun 2020 06:44:42 GMT" time="26.183" errors="0">
  <testcase name="addReminderWithInterfaceVersion520_BEP14470001" time="2.803" classname="Exposure.RestAssured.ReminderTests">
    <failure type="java.lang.AssertionError" message="expected:&amp;lt;null&amp;gt; but was:&amp;lt;&amp;gt;">
      <![CDATA[java.lang.AssertionError: expected:<null> but was:<>
	at Exposure.RestAssured.ReminderTests.addReminderWithInterfaceVersion520_BEP14470001(ReminderTests.java:94)
... Removed 28 stack frames]]>
    </failure>
  </testcase> <!-- addReminderWithInterfaceVersion520_BEP14470001 -->
  <testcase name="addReminderWithInterfaceVersion420_BEP14470004" time="1.086" classname="Exposure.RestAssured.ReminderTests">
    <failure type="java.lang.AssertionError" message="expected:&amp;lt;null&amp;gt; but was:&amp;lt;&amp;gt;">
      <![CDATA[java.lang.AssertionError: expected:<null> but was:<>
	at Exposure.RestAssured.ReminderTests.addReminderWithInterfaceVersion420_BEP14470004(ReminderTests.java:107)
... Removed 28 stack frames]]>
    </failure>
  </testcase> <!-- addReminderWithInterfaceVersion420_BEP14470004 -->
  <testcase name="addReminderWithoutInterfaceVersion_BEP14470002" time="0.71" classname="Exposure.RestAssured.ReminderTests">
    <failure type="java.lang.AssertionError" message="expected:&amp;lt;Mandatory Parameter Interface Version missing&amp;gt; but was:&amp;lt;InterfaceVersion missing.&amp;gt;">
      <![CDATA[java.lang.AssertionError: expected:<Mandatory Parameter Interface Version missing> but was:<InterfaceVersion missing.>
	at Exposure.RestAssured.ReminderTests.addReminderWithoutInterfaceVersion_BEP14470002(ReminderTests.java:118)
... Removed 28 stack frames]]>
    </failure>
  </testcase> <!-- addReminderWithoutInterfaceVersion_BEP14470002 -->
  <testcase name="addReminderWithInterfaceVersionLessThan420_BEP14470003" time="0.737" classname="Exposure.RestAssured.ReminderTests">
    <failure type="java.lang.AssertionError" message="expected:&amp;lt;Invalid Interface version&amp;gt; but was:&amp;lt;Mandatory parameter is missing. Supported types are MAC, DeviceID, AccountNumber as request parameter or GID as request header.&amp;gt;">
      <![CDATA[java.lang.AssertionError: expected:<Invalid Interface version> but was:<Mandatory parameter is missing. Supported types are MAC, DeviceID, AccountNumber as request parameter or GID as request header.>
	at Exposure.RestAssured.ReminderTests.addReminderWithInterfaceVersionLessThan420_BEP14470003(ReminderTests.java:128)
... Removed 28 stack frames]]>
    </failure>
  </testcase> <!-- addReminderWithInterfaceVersionLessThan420_BEP14470003 -->
  <testcase name="addReminderWithoutMac_BEP14470005" time="0.724" classname="Exposure.RestAssured.ReminderTests"/>
  <testcase name="addReminderWithInvalidMac_BEP14470006" time="1.02" classname="Exposure.RestAssured.ReminderTests"/>
  <testcase name="addReminderWithBlankValueForReminderType_BEP14470007" time="0.725" classname="Exposure.RestAssured.ReminderTests">
    <failure type="java.lang.AssertionError" message="expected:&amp;lt;Reminder Type tag is either missing or empty&amp;gt; but was:&amp;lt;Mandatory parameter is missing. Supported types are MAC, DeviceID, AccountNumber as request parameter or GID as request header.&amp;gt;">
      <![CDATA[java.lang.AssertionError: expected:<Reminder Type tag is either missing or empty> but was:<Mandatory parameter is missing. Supported types are MAC, DeviceID, AccountNumber as request parameter or GID as request header.>
	at Exposure.RestAssured.ReminderTests.addReminderWithBlankValueForReminderType_BEP14470007(ReminderTests.java:162)
... Removed 28 stack frames]]>
    </failure>
  </testcase> <!-- addReminderWithBlankValueForReminderType_BEP14470007 -->
  <testcase name="addReminderWithoutReminderTag_BEP14470008" time="0.726" classname="Exposure.RestAssured.ReminderTests">
    <failure type="java.lang.AssertionError" message="expected:&amp;lt;Reminder Type tag is either missing or empty&amp;gt; but was:&amp;lt;Mandatory parameter is missing. Supported types are MAC, DeviceID, AccountNumber as request parameter or GID as request header.&amp;gt;">
      <![CDATA[java.lang.AssertionError: expected:<Reminder Type tag is either missing or empty> but was:<Mandatory parameter is missing. Supported types are MAC, DeviceID, AccountNumber as request parameter or GID as request header.>
	at Exposure.RestAssured.ReminderTests.addReminderWithoutReminderTag_BEP14470008(ReminderTests.java:174)
... Removed 28 stack frames]]>
    </failure>
  </testcase> <!-- addReminderWithoutReminderTag_BEP14470008 -->
  <testcase name="addReminderWithBlankValueforMinsBeforeStart_BEP14470009" time="0.72" classname="Exposure.RestAssured.ReminderTests">
    <failure type="java.lang.AssertionError" message="expected:&amp;lt;Mins Before Start tag is either missing/empty/incorrect&amp;gt; but was:&amp;lt;Mandatory parameter is missing. Supported types are MAC, DeviceID, AccountNumber as request parameter or GID as request header.&amp;gt;">
      <![CDATA[java.lang.AssertionError: expected:<Mins Before Start tag is either missing/empty/incorrect> but was:<Mandatory parameter is missing. Supported types are MAC, DeviceID, AccountNumber as request parameter or GID as request header.>
	at Exposure.RestAssured.ReminderTests.addReminderWithBlankValueforMinsBeforeStart_BEP14470009(ReminderTests.java:185)
... Removed 28 stack frames]]>
    </failure>
  </testcase> <!-- addReminderWithBlankValueforMinsBeforeStart_BEP14470009 -->
  <testcase name="addReminderWithoutMinsBeforeStartTag_BEP144700010" time="0.725" classname="Exposure.RestAssured.ReminderTests">
    <failure type="java.lang.AssertionError" message="expected:&amp;lt;Mins Before Start tag is either missing/empty/incorrect&amp;gt; but was:&amp;lt;Mandatory parameter is missing. Supported types are MAC, DeviceID, AccountNumber as request parameter or GID as request header.&amp;gt;">
      <![CDATA[java.lang.AssertionError: expected:<Mins Before Start tag is either missing/empty/incorrect> but was:<Mandatory parameter is missing. Supported types are MAC, DeviceID, AccountNumber as request parameter or GID as request header.>
	at Exposure.RestAssured.ReminderTests.addReminderWithoutMinsBeforeStartTag_BEP144700010(ReminderTests.java:196)
... Removed 28 stack frames]]>
    </failure>
  </testcase> <!-- addReminderWithoutMinsBeforeStartTag_BEP144700010 -->
  <testcase name="addReminderWithBlankValueForSchTrailID_BEP144700011" time="0.942" classname="Exposure.RestAssured.ReminderTests">
    <failure type="java.lang.AssertionError" message="expected:&amp;lt;Schedule Trail Id tag is either missing/empty/incorrect&amp;gt; but was:&amp;lt;Mandatory parameter is missing. Supported types are MAC, DeviceID, AccountNumber as request parameter or GID as request header.&amp;gt;">
      <![CDATA[java.lang.AssertionError: expected:<Schedule Trail Id tag is either missing/empty/incorrect> but was:<Mandatory parameter is missing. Supported types are MAC, DeviceID, AccountNumber as request parameter or GID as request header.>
	at Exposure.RestAssured.ReminderTests.addReminderWithBlankValueForSchTrailID_BEP144700011(ReminderTests.java:207)
... Removed 28 stack frames]]>
    </failure>
  </testcase> <!-- addReminderWithBlankValueForSchTrailID_BEP144700011 -->
  <testcase name="addReminderWithoutSchTrailIDTag_BEP144700012" time="0.918" classname="Exposure.RestAssured.ReminderTests">
    <failure type="java.lang.AssertionError" message="expected:&amp;lt;Schedule Trail Id tag is either missing/empty/incorrect&amp;gt; but was:&amp;lt;Mandatory parameter is missing. Supported types are MAC, DeviceID, AccountNumber as request parameter or GID as request header.&amp;gt;">
      <![CDATA[java.lang.AssertionError: expected:<Schedule Trail Id tag is either missing/empty/incorrect> but was:<Mandatory parameter is missing. Supported types are MAC, DeviceID, AccountNumber as request parameter or GID as request header.>
	at Exposure.RestAssured.ReminderTests.addReminderWithoutSchTrailIDTag_BEP144700012(ReminderTests.java:218)
... Removed 28 stack frames]]>
    </failure>
  </testcase> <!-- addReminderWithoutSchTrailIDTag_BEP144700012 -->
  <testcase name="addReminderWithBlankValueForChannelExtID_BEP144700013" time="0.947" classname="Exposure.RestAssured.ReminderTests">
    <failure type="java.lang.AssertionError" message="expected:&amp;lt;Channel External Id tag is either missing/empty&amp;gt; but was:&amp;lt;Mandatory parameter is missing. Supported types are MAC, DeviceID, AccountNumber as request parameter or GID as request header.&amp;gt;">
      <![CDATA[java.lang.AssertionError: expected:<Channel External Id tag is either missing/empty> but was:<Mandatory parameter is missing. Supported types are MAC, DeviceID, AccountNumber as request parameter or GID as request header.>
	at Exposure.RestAssured.ReminderTests.addReminderWithBlankValueForChannelExtID_BEP144700013(ReminderTests.java:229)
... Removed 28 stack frames]]>
    </failure>
  </testcase> <!-- addReminderWithBlankValueForChannelExtID_BEP144700013 -->
  <testcase name="addReminderWithoutChannelExtID_BEP144700014" time="0.912" classname="Exposure.RestAssured.ReminderTests">
    <failure type="java.lang.AssertionError" message="expected:&amp;lt;Channel External Id tag is either missing/empty&amp;gt; but was:&amp;lt;Mandatory parameter is missing. Supported types are MAC, DeviceID, AccountNumber as request parameter or GID as request header.&amp;gt;">
      <![CDATA[java.lang.AssertionError: expected:<Channel External Id tag is either missing/empty> but was:<Mandatory parameter is missing. Supported types are MAC, DeviceID, AccountNumber as request parameter or GID as request header.>
	at Exposure.RestAssured.ReminderTests.addReminderWithoutChannelExtID_BEP144700014(ReminderTests.java:241)
... Removed 28 stack frames]]>
    </failure>
  </testcase> <!-- addReminderWithoutChannelExtID_BEP144700014 -->
  <testcase name="addReminderWhenIcorrectSchTrailID_BEP144700016" time="1.167" classname="Exposure.RestAssured.ReminderTests">
    <failure type="java.lang.AssertionError" message="expected:&amp;lt;Schedule Trail Id does not exists&amp;gt; but was:&amp;lt;Mandatory parameter is missing. Supported types are MAC, DeviceID, AccountNumber as request parameter or GID as request header.&amp;gt;">
      <![CDATA[java.lang.AssertionError: expected:<Schedule Trail Id does not exists> but was:<Mandatory parameter is missing. Supported types are MAC, DeviceID, AccountNumber as request parameter or GID as request header.>
	at Exposure.RestAssured.ReminderTests.addReminderWhenIcorrectSchTrailID_BEP144700016(ReminderTests.java:252)
... Removed 28 stack frames]]>
    </failure>
  </testcase> <!-- addReminderWhenIcorrectSchTrailID_BEP144700016 -->
  <testcase name="addReminderWhenIcorrectChannelExtID_BEP144700017" time="1.178" classname="Exposure.RestAssured.ReminderTests">
    <failure type="java.lang.AssertionError" message="expected:&amp;lt;Channel External Id does not exists&amp;gt; but was:&amp;lt;Mandatory parameter is missing. Supported types are MAC, DeviceID, AccountNumber as request parameter or GID as request header.&amp;gt;">
      <![CDATA[java.lang.AssertionError: expected:<Channel External Id does not exists> but was:<Mandatory parameter is missing. Supported types are MAC, DeviceID, AccountNumber as request parameter or GID as request header.>
	at Exposure.RestAssured.ReminderTests.addReminderWhenIcorrectChannelExtID_BEP144700017(ReminderTests.java:263)
... Removed 28 stack frames]]>
    </failure>
  </testcase> <!-- addReminderWhenIcorrectChannelExtID_BEP144700017 -->
  <testcase name="addReminderWhenMinsBeforeStartIsnotCorrect_BEP144700018" time="0.69" classname="Exposure.RestAssured.ReminderTests">
    <failure type="java.lang.AssertionError" message="expected:&amp;lt;Mins Before Start value should be between 0 and 99&amp;gt; but was:&amp;lt;Mandatory parameter is missing. Supported types are MAC, DeviceID, AccountNumber as request parameter or GID as request header.&amp;gt;">
      <![CDATA[java.lang.AssertionError: expected:<Mins Before Start value should be between 0 and 99> but was:<Mandatory parameter is missing. Supported types are MAC, DeviceID, AccountNumber as request parameter or GID as request header.>
	at Exposure.RestAssured.ReminderTests.addReminderWhenMinsBeforeStartIsnotCorrect_BEP144700018(ReminderTests.java:275)
... Removed 28 stack frames]]>
    </failure>
  </testcase> <!-- addReminderWhenMinsBeforeStartIsnotCorrect_BEP144700018 -->
  <testcase name="getReminderBTACall_BEP14477001" time="0.25" classname="Exposure.RestAssured.ReminderTests">
    <failure type="java.lang.AssertionError" message="expected:&amp;lt;null&amp;gt; but was:&amp;lt;&amp;gt;">
      <![CDATA[java.lang.AssertionError: expected:<null> but was:<>
	at Exposure.RestAssured.ReminderTests.getReminderBTACall_BEP14477001(ReminderTests.java:290)
... Removed 28 stack frames]]>
    </failure>
  </testcase> <!-- getReminderBTACall_BEP14477001 -->
  <testcase name="getReminderBTACall_BEP14477002" time="0.108" classname="Exposure.RestAssured.ReminderTests">
    <failure type="java.lang.AssertionError" message="expected:&amp;lt;Mandatory Parameter Interface Version missing&amp;gt; but was:&amp;lt;InterfaceVersion missing.&amp;gt;">
      <![CDATA[java.lang.AssertionError: expected:<Mandatory Parameter Interface Version missing> but was:<InterfaceVersion missing.>
	at Exposure.RestAssured.ReminderTests.getReminderBTACall_BEP14477002(ReminderTests.java:304)
... Removed 28 stack frames]]>
    </failure>
  </testcase> <!-- getReminderBTACall_BEP14477002 -->
  <testcase name="getReminderBTACall_BEP14477003" time="0.147" classname="Exposure.RestAssured.ReminderTests">
    <failure type="java.lang.AssertionError" message="expected:&amp;lt;Invalid Interface version&amp;gt; but was:&amp;lt;Mandatory parameter is missing. Supported types are MAC, DeviceID, AccountNumber as request parameter or GID as request header.&amp;gt;">
      <![CDATA[java.lang.AssertionError: expected:<Invalid Interface version> but was:<Mandatory parameter is missing. Supported types are MAC, DeviceID, AccountNumber as request parameter or GID as request header.>
	at Exposure.RestAssured.ReminderTests.getReminderBTACall_BEP14477003(ReminderTests.java:319)
... Removed 28 stack frames]]>
    </failure>
  </testcase> <!-- getReminderBTACall_BEP14477003 -->
  <testcase name="getReminderBTACall_BEP14477004" time="0.181" classname="Exposure.RestAssured.ReminderTests"/>
  <testcase name="getReminderBTACall_BEP14477005" time="0.044" classname="Exposure.RestAssured.ReminderTests"/>
  <testcase name="updateReminder_BEP14471001" time="0.141" classname="Exposure.RestAssured.ReminderTests">
    <failure type="java.lang.NullPointerException">
      <![CDATA[java.lang.NullPointerException
	at base.Testbase.executeSelectQuery(Testbase.java:209)
	at testData.TestDataCreation.createPOSTBodyForReminder(TestDataCreation.java:68)
	at Exposure.RestAssured.ReminderTests.updateReminder_BEP14471001(ReminderTests.java:356)
... Removed 24 stack frames]]>
    </failure>
  </testcase> <!-- updateReminder_BEP14471001 -->
  <testcase name="updateReminderWithoutInterfaceVersion_BEP14471002" time="0.354" classname="Exposure.RestAssured.ReminderTests">
    <failure type="java.lang.NullPointerException">
      <![CDATA[java.lang.NullPointerException
	at base.Testbase.executeSelectQuery(Testbase.java:209)
	at testData.TestDataCreation.createPOSTBodyForReminder(TestDataCreation.java:68)
	at Exposure.RestAssured.ReminderTests.updateReminderWithoutInterfaceVersion_BEP14471002(ReminderTests.java:374)
... Removed 24 stack frames]]>
    </failure>
  </testcase> <!-- updateReminderWithoutInterfaceVersion_BEP14471002 -->
  <testcase name="updateReminderWhenInterfaceVersionLessThen420_BEP14471003" time="0.362" classname="Exposure.RestAssured.ReminderTests">
    <failure type="java.lang.NullPointerException">
      <![CDATA[java.lang.NullPointerException
	at base.Testbase.executeSelectQuery(Testbase.java:209)
	at testData.TestDataCreation.createPOSTBodyForReminder(TestDataCreation.java:68)
	at Exposure.RestAssured.ReminderTests.updateReminderWhenInterfaceVersionLessThen420_BEP14471003(ReminderTests.java:387)
... Removed 24 stack frames]]>
    </failure>
  </testcase> <!-- updateReminderWhenInterfaceVersionLessThen420_BEP14471003 -->
  <testcase name="updateReminderWithoutMac_BEP14471004" time="0.354" classname="Exposure.RestAssured.ReminderTests">
    <failure type="java.lang.NullPointerException">
      <![CDATA[java.lang.NullPointerException
	at base.Testbase.executeSelectQuery(Testbase.java:209)
	at testData.TestDataCreation.createPOSTBodyForReminder(TestDataCreation.java:68)
	at Exposure.RestAssured.ReminderTests.updateReminderWithoutMac_BEP14471004(ReminderTests.java:400)
... Removed 24 stack frames]]>
    </failure>
  </testcase> <!-- updateReminderWithoutMac_BEP14471004 -->
  <testcase name="updateReminderWithInvalidMac_BEP14471005" time="0.356" classname="Exposure.RestAssured.ReminderTests">
    <failure type="java.lang.NullPointerException">
      <![CDATA[java.lang.NullPointerException
	at base.Testbase.executeSelectQuery(Testbase.java:209)
	at testData.TestDataCreation.createPOSTBodyForReminder(TestDataCreation.java:68)
	at Exposure.RestAssured.ReminderTests.updateReminderWithInvalidMac_BEP14471005(ReminderTests.java:412)
... Removed 24 stack frames]]>
    </failure>
  </testcase> <!-- updateReminderWithInvalidMac_BEP14471005 -->
  <testcase name="updateReminderWithBlankValueForID_BEP14471006" time="0.131" classname="Exposure.RestAssured.ReminderTests">
    <failure type="java.lang.NullPointerException">
      <![CDATA[java.lang.NullPointerException
	at base.Testbase.executeSelectQuery(Testbase.java:209)
	at testData.TestDataCreation.createPOSTBodyForReminder(TestDataCreation.java:68)
	at Exposure.RestAssured.ReminderTests.updateReminderWithBlankValueForID_BEP14471006(ReminderTests.java:423)
... Removed 24 stack frames]]>
    </failure>
  </testcase> <!-- updateReminderWithBlankValueForID_BEP14471006 -->
  <testcase name="updateReminderWithoutIDTag_BEP14471007" time="0.139" classname="Exposure.RestAssured.ReminderTests">
    <failure type="java.lang.NullPointerException">
      <![CDATA[java.lang.NullPointerException
	at base.Testbase.executeSelectQuery(Testbase.java:209)
	at testData.TestDataCreation.createPOSTBodyForReminder(TestDataCreation.java:68)
	at Exposure.RestAssured.ReminderTests.updateReminderWithoutIDTag_BEP14471007(ReminderTests.java:435)
... Removed 24 stack frames]]>
    </failure>
  </testcase> <!-- updateReminderWithoutIDTag_BEP14471007 -->
  <testcase name="updateReminderWithBlankValueForReminderType_BEP14471008" time="0.137" classname="Exposure.RestAssured.ReminderTests">
    <failure type="java.lang.NullPointerException">
      <![CDATA[java.lang.NullPointerException
	at base.Testbase.executeSelectQuery(Testbase.java:209)
	at testData.TestDataCreation.createPOSTBodyForReminder(TestDataCreation.java:68)
	at Exposure.RestAssured.ReminderTests.updateReminderWithBlankValueForReminderType_BEP14471008(ReminderTests.java:446)
... Removed 24 stack frames]]>
    </failure>
  </testcase> <!-- updateReminderWithBlankValueForReminderType_BEP14471008 -->
  <testcase name="updateReminderWithoutReminderTag_BEP14471009" time="0.134" classname="Exposure.RestAssured.ReminderTests">
    <failure type="java.lang.NullPointerException">
      <![CDATA[java.lang.NullPointerException
	at base.Testbase.executeSelectQuery(Testbase.java:209)
	at testData.TestDataCreation.createPOSTBodyForReminder(TestDataCreation.java:68)
	at Exposure.RestAssured.ReminderTests.updateReminderWithoutReminderTag_BEP14471009(ReminderTests.java:458)
... Removed 24 stack frames]]>
    </failure>
  </testcase> <!-- updateReminderWithoutReminderTag_BEP14471009 -->
  <testcase name="updateReminderWithBlankValueforMinsBeforeStart_BEP144710010" time="0.143" classname="Exposure.RestAssured.ReminderTests">
    <failure type="java.lang.NullPointerException">
      <![CDATA[java.lang.NullPointerException
	at base.Testbase.executeSelectQuery(Testbase.java:209)
	at testData.TestDataCreation.createPOSTBodyForReminder(TestDataCreation.java:68)
	at Exposure.RestAssured.ReminderTests.updateReminderWithBlankValueforMinsBeforeStart_BEP144710010(ReminderTests.java:470)
... Removed 24 stack frames]]>
    </failure>
  </testcase> <!-- updateReminderWithBlankValueforMinsBeforeStart_BEP144710010 -->
  <testcase name="updateReminderWithoutMinsBeforeStartTag_BEP144710011" time="0.139" classname="Exposure.RestAssured.ReminderTests">
    <failure type="java.lang.NullPointerException">
      <![CDATA[java.lang.NullPointerException
	at base.Testbase.executeSelectQuery(Testbase.java:209)
	at testData.TestDataCreation.createPOSTBodyForReminder(TestDataCreation.java:68)
	at Exposure.RestAssured.ReminderTests.updateReminderWithoutMinsBeforeStartTag_BEP144710011(ReminderTests.java:482)
... Removed 24 stack frames]]>
    </failure>
  </testcase> <!-- updateReminderWithoutMinsBeforeStartTag_BEP144710011 -->
  <testcase name="updateReminderWithBlankValueForSchTrailID_BEP144710012" time="0.149" classname="Exposure.RestAssured.ReminderTests">
    <failure type="java.lang.NullPointerException">
      <![CDATA[java.lang.NullPointerException
	at base.Testbase.executeSelectQuery(Testbase.java:209)
	at testData.TestDataCreation.createPOSTBodyForReminder(TestDataCreation.java:68)
	at Exposure.RestAssured.ReminderTests.updateReminderWithBlankValueForSchTrailID_BEP144710012(ReminderTests.java:494)
... Removed 24 stack frames]]>
    </failure>
  </testcase> <!-- updateReminderWithBlankValueForSchTrailID_BEP144710012 -->
  <testcase name="updateReminderWithoutSchTrailIDTag_BEP144710013" time="0.143" classname="Exposure.RestAssured.ReminderTests">
    <failure type="java.lang.NullPointerException">
      <![CDATA[java.lang.NullPointerException
	at base.Testbase.executeSelectQuery(Testbase.java:209)
	at testData.TestDataCreation.createPOSTBodyForReminder(TestDataCreation.java:68)
	at Exposure.RestAssured.ReminderTests.updateReminderWithoutSchTrailIDTag_BEP144710013(ReminderTests.java:506)
... Removed 24 stack frames]]>
    </failure>
  </testcase> <!-- updateReminderWithoutSchTrailIDTag_BEP144710013 -->
  <testcase name="updateReminderWithBlankValueForChannelExtID_BEP144710014" time="0.134" classname="Exposure.RestAssured.ReminderTests">
    <failure type="java.lang.NullPointerException">
      <![CDATA[java.lang.NullPointerException
	at base.Testbase.executeSelectQuery(Testbase.java:209)
	at testData.TestDataCreation.createPOSTBodyForReminder(TestDataCreation.java:68)
	at Exposure.RestAssured.ReminderTests.updateReminderWithBlankValueForChannelExtID_BEP144710014(ReminderTests.java:518)
... Removed 24 stack frames]]>
    </failure>
  </testcase> <!-- updateReminderWithBlankValueForChannelExtID_BEP144710014 -->
  <testcase name="updateReminderWithoutChannelExtID_BEP144710015" time="0.143" classname="Exposure.RestAssured.ReminderTests">
    <failure type="java.lang.NullPointerException">
      <![CDATA[java.lang.NullPointerException
	at base.Testbase.executeSelectQuery(Testbase.java:209)
	at testData.TestDataCreation.createPOSTBodyForReminder(TestDataCreation.java:68)
	at Exposure.RestAssured.ReminderTests.updateReminderWithoutChannelExtID_BEP144710015(ReminderTests.java:530)
... Removed 24 stack frames]]>
    </failure>
  </testcase> <!-- updateReminderWithoutChannelExtID_BEP144710015 -->
  <testcase name="updateReminderWhenIcorrectSchTrailID_BEP144710018" time="0.137" classname="Exposure.RestAssured.ReminderTests">
    <failure type="java.lang.NullPointerException">
      <![CDATA[java.lang.NullPointerException
	at base.Testbase.executeSelectQuery(Testbase.java:209)
	at testData.TestDataCreation.createPOSTBodyForReminder(TestDataCreation.java:68)
	at Exposure.RestAssured.ReminderTests.updateReminderWhenIcorrectSchTrailID_BEP144710018(ReminderTests.java:543)
... Removed 24 stack frames]]>
    </failure>
  </testcase> <!-- updateReminderWhenIcorrectSchTrailID_BEP144710018 -->
  <testcase name="updateReminderWhenIcorrectChannelExtID_BEP144710019" time="0.143" classname="Exposure.RestAssured.ReminderTests">
    <failure type="java.lang.NullPointerException">
      <![CDATA[java.lang.NullPointerException
	at base.Testbase.executeSelectQuery(Testbase.java:209)
	at testData.TestDataCreation.createPOSTBodyForReminder(TestDataCreation.java:68)
	at Exposure.RestAssured.ReminderTests.updateReminderWhenIcorrectChannelExtID_BEP144710019(ReminderTests.java:555)
... Removed 24 stack frames]]>
    </failure>
  </testcase> <!-- updateReminderWhenIcorrectChannelExtID_BEP144710019 -->
  <testcase name="updateReminderWhenMinsBeforeStartIsnotCorrect_BEP144710020" time="0.133" classname="Exposure.RestAssured.ReminderTests">
    <failure type="java.lang.NullPointerException">
      <![CDATA[java.lang.NullPointerException
	at base.Testbase.executeSelectQuery(Testbase.java:209)
	at testData.TestDataCreation.createPOSTBodyForReminder(TestDataCreation.java:68)
	at Exposure.RestAssured.ReminderTests.updateReminderWhenMinsBeforeStartIsnotCorrect_BEP144710020(ReminderTests.java:567)
... Removed 24 stack frames]]>
    </failure>
  </testcase> <!-- updateReminderWhenMinsBeforeStartIsnotCorrect_BEP144710020 -->
  <testcase name="updateReminderWhenIcorrectSchTrailID_BEP144710021" time="0.142" classname="Exposure.RestAssured.ReminderTests">
    <failure type="java.lang.NullPointerException">
      <![CDATA[java.lang.NullPointerException
	at base.Testbase.executeSelectQuery(Testbase.java:209)
	at testData.TestDataCreation.createPOSTBodyForReminder(TestDataCreation.java:68)
	at Exposure.RestAssured.ReminderTests.updateReminderWhenIcorrectSchTrailID_BEP144710021(ReminderTests.java:579)
... Removed 24 stack frames]]>
    </failure>
  </testcase> <!-- updateReminderWhenIcorrectSchTrailID_BEP144710021 -->
  <testcase name="setConsentTVTA_OPTIN_BEP1423001" time="3.054" classname="Exposure.RestAssured.setConsentTest"/>
  <testcase name="setConsentTVReco_OPTIN_BEP1423002" time="0.68" classname="Exposure.RestAssured.setConsentTest"/>
  <testcase name="setConsentTVTA_OPTOUT_BEP1423003" time="0.421" classname="Exposure.RestAssured.setConsentTest"/>
  <testcase name="setConsentTVReco_OPTOUT_BEP1423004" time="0.436" classname="Exposure.RestAssured.setConsentTest"/>
  <testcase name="setConsentwithInvalidConsentType_BEP1423005" time="0.319" classname="Exposure.RestAssured.setConsentTest"/>
  <testcase name="setConsentwithInvalidConsentValue_BEP1423006" time="0.227" classname="Exposure.RestAssured.setConsentTest"/>
</testsuite> <!-- Test -->
