<?xml version="1.0" encoding="UTF-8"?>
<!-- Generated by org.testng.reporters.JUnitXMLReporter -->
<testsuite hostname="C1GF75IPTV" name="Test(failed)" tests="1" failures="1" timestamp="5 Jul 2021 09:29:58 GMT" time="4.189" errors="0">
  <testcase name="addToWishlistWithGroupId_CR1006001" time="4.182" classname="Exposure.RestAssured.WishlistTests">
    <failure type="java.lang.AssertionError" message="expected:&amp;lt;2155309&amp;gt; but was:&amp;lt;&amp;gt;">
      <![CDATA[java.lang.AssertionError: expected:<2155309> but was:<>
	at Exposure.RestAssured.WishlistTests.addToWishlistWithGroupId_CR1006001(WishlistTests.java:102)
... Removed 28 stack frames]]>
    </failure>
  </testcase> <!-- addToWishlistWithGroupId_CR1006001 -->
</testsuite> <!-- Test(failed) -->
