<?xml version="1.0" encoding="UTF-8"?>
<testng-results skipped="0" failed="1" total="6" passed="5">
  <reporter-output>
  </reporter-output>
  <suite name="Suite" duration-ms="6468" started-at="2021-07-09T17:31:10Z" finished-at="2021-07-09T17:31:16Z">
    <groups>
    </groups>
    <test name="Test" duration-ms="6468" started-at="2021-07-09T17:31:10Z" finished-at="2021-07-09T17:31:16Z">
      <class name="Exposure.RestAssured.setConsentTest">
        <test-method status="PASS" signature="beforeSuite()[pri:0, instance:Exposure.RestAssured.setConsentTest@28feb3fa]" name="beforeSuite" is-config="true" duration-ms="289" started-at="2021-07-09T17:31:09Z" finished-at="2021-07-09T17:31:10Z">
        </test-method> <!-- beforeSuite -->
        <test-method status="FAIL" signature="setConsentTVTA_OPTIN_BEP1423001()[pri:1, instance:Exposure.RestAssured.setConsentTest@28feb3fa]" name="setConsentTVTA_OPTIN_BEP1423001" duration-ms="3106" started-at="2021-07-09T17:31:10Z" finished-at="2021-07-09T17:31:13Z">
          <exception class="java.lang.NullPointerException">
            <full-stacktrace>
              <![CDATA[java.lang.NullPointerException
	at Exposure.RestAssured.setConsentTest.setConsentTVTA_OPTIN_BEP1423001(setConsentTest.java:46)
	at sun.reflect.NativeMethodAccessorImpl.invoke0(Native Method)
	at sun.reflect.NativeMethodAccessorImpl.invoke(NativeMethodAccessorImpl.java:62)
	at sun.reflect.DelegatingMethodAccessorImpl.invoke(DelegatingMethodAccessorImpl.java:43)
	at java.lang.reflect.Method.invoke(Method.java:498)
	at org.testng.internal.MethodInvocationHelper.invokeMethod(MethodInvocationHelper.java:80)
	at org.testng.internal.Invoker.invokeMethod(Invoker.java:702)
	at org.testng.internal.Invoker.invokeTestMethod(Invoker.java:894)
	at org.testng.internal.Invoker.invokeTestMethods(Invoker.java:1219)
	at org.testng.internal.TestMethodWorker.invokeTestMethods(TestMethodWorker.java:127)
	at org.testng.internal.TestMethodWorker.run(TestMethodWorker.java:111)
	at org.testng.TestRunner.privateRun(TestRunner.java:768)
	at org.testng.TestRunner.run(TestRunner.java:617)
	at org.testng.SuiteRunner.runTest(SuiteRunner.java:334)
	at org.testng.SuiteRunner.runSequentially(SuiteRunner.java:329)
	at org.testng.SuiteRunner.privateRun(SuiteRunner.java:291)
	at org.testng.SuiteRunner.run(SuiteRunner.java:240)
	at org.testng.SuiteRunnerWorker.runSuite(SuiteRunnerWorker.java:53)
	at org.testng.SuiteRunnerWorker.run(SuiteRunnerWorker.java:87)
	at org.testng.TestNG.runSuitesSequentially(TestNG.java:1188)
	at org.testng.TestNG.runSuitesLocally(TestNG.java:1113)
	at org.testng.TestNG.run(TestNG.java:1025)
	at org.testng.remote.AbstractRemoteTestNG.run(AbstractRemoteTestNG.java:132)
	at org.testng.remote.RemoteTestNG.initAndRun(RemoteTestNG.java:236)
	at org.testng.remote.RemoteTestNG.main(RemoteTestNG.java:81)
]]>
            </full-stacktrace>
          </exception> <!-- java.lang.NullPointerException -->
        </test-method> <!-- setConsentTVTA_OPTIN_BEP1423001 -->
        <test-method status="PASS" signature="beforeTest()[pri:0, instance:Exposure.RestAssured.setConsentTest@28feb3fa]" name="beforeTest" is-config="true" duration-ms="0" started-at="2021-07-09T17:31:10Z" finished-at="2021-07-09T17:31:10Z">
        </test-method> <!-- beforeTest -->
        <test-method status="PASS" signature="beforeTest()[pri:0, instance:Exposure.RestAssured.setConsentTest@28feb3fa]" name="beforeTest" is-config="true" duration-ms="1" started-at="2021-07-09T17:31:13Z" finished-at="2021-07-09T17:31:13Z">
        </test-method> <!-- beforeTest -->
        <test-method status="PASS" signature="setConsentTVReco_OPTIN_BEP1423002()[pri:2, instance:Exposure.RestAssured.setConsentTest@28feb3fa]" name="setConsentTVReco_OPTIN_BEP1423002" duration-ms="1126" started-at="2021-07-09T17:31:13Z" finished-at="2021-07-09T17:31:14Z">
        </test-method> <!-- setConsentTVReco_OPTIN_BEP1423002 -->
        <test-method status="PASS" signature="setConsentTVTA_OPTOUT_BEP1423003()[pri:3, instance:Exposure.RestAssured.setConsentTest@28feb3fa]" name="setConsentTVTA_OPTOUT_BEP1423003" duration-ms="695" started-at="2021-07-09T17:31:14Z" finished-at="2021-07-09T17:31:15Z">
        </test-method> <!-- setConsentTVTA_OPTOUT_BEP1423003 -->
        <test-method status="PASS" signature="beforeTest()[pri:0, instance:Exposure.RestAssured.setConsentTest@28feb3fa]" name="beforeTest" is-config="true" duration-ms="0" started-at="2021-07-09T17:31:14Z" finished-at="2021-07-09T17:31:14Z">
        </test-method> <!-- beforeTest -->
        <test-method status="PASS" signature="beforeTest()[pri:0, instance:Exposure.RestAssured.setConsentTest@28feb3fa]" name="beforeTest" is-config="true" duration-ms="0" started-at="2021-07-09T17:31:15Z" finished-at="2021-07-09T17:31:15Z">
        </test-method> <!-- beforeTest -->
        <test-method status="PASS" signature="setConsentTVReco_OPTOUT_BEP1423004()[pri:4, instance:Exposure.RestAssured.setConsentTest@28feb3fa]" name="setConsentTVReco_OPTOUT_BEP1423004" duration-ms="603" started-at="2021-07-09T17:31:15Z" finished-at="2021-07-09T17:31:15Z">
        </test-method> <!-- setConsentTVReco_OPTOUT_BEP1423004 -->
        <test-method status="PASS" signature="beforeTest()[pri:0, instance:Exposure.RestAssured.setConsentTest@28feb3fa]" name="beforeTest" is-config="true" duration-ms="0" started-at="2021-07-09T17:31:15Z" finished-at="2021-07-09T17:31:15Z">
        </test-method> <!-- beforeTest -->
        <test-method status="PASS" signature="setConsentwithInvalidConsentType_BEP1423005()[pri:5, instance:Exposure.RestAssured.setConsentTest@28feb3fa]" name="setConsentwithInvalidConsentType_BEP1423005" duration-ms="530" started-at="2021-07-09T17:31:15Z" finished-at="2021-07-09T17:31:16Z">
        </test-method> <!-- setConsentwithInvalidConsentType_BEP1423005 -->
        <test-method status="PASS" signature="beforeTest()[pri:0, instance:Exposure.RestAssured.setConsentTest@28feb3fa]" name="beforeTest" is-config="true" duration-ms="0" started-at="2021-07-09T17:31:16Z" finished-at="2021-07-09T17:31:16Z">
        </test-method> <!-- beforeTest -->
        <test-method status="PASS" signature="setConsentwithInvalidConsentValue_BEP1423006()[pri:6, instance:Exposure.RestAssured.setConsentTest@28feb3fa]" name="setConsentwithInvalidConsentValue_BEP1423006" duration-ms="394" started-at="2021-07-09T17:31:16Z" finished-at="2021-07-09T17:31:16Z">
        </test-method> <!-- setConsentwithInvalidConsentValue_BEP1423006 -->
        <test-method status="PASS" signature="afterSuite()[pri:0, instance:Exposure.RestAssured.setConsentTest@28feb3fa]" name="afterSuite" is-config="true" duration-ms="0" started-at="2021-07-09T17:31:16Z" finished-at="2021-07-09T17:31:16Z">
        </test-method> <!-- afterSuite -->
      </class> <!-- Exposure.RestAssured.setConsentTest -->
    </test> <!-- Test -->
  </suite> <!-- Suite -->
</testng-results>
